The bot started working.
Found 26 agencies.
Found 26 amounts
Got a list of agencies and the amount.
Recording to file started.
Recording to file finished.
Found National Science Foundation.
National Science Foundation: https://itdashboard.gov/drupal/summary/422
Agency page opened.
Waiting for the table to load...
Started scraping the table.
Select "All" selected.
Waiting for the entire table to load...
Recording to file started.
Recording to file finished.
Found 3 links.
Found link: https://itdashboard.gov/drupal/summary/422/422-000000004
Starting to download the file.
Waiting for downloads.............done!
File 422-000000004 (2).pdf downloaded successfully.
Retrieving data from the downloaded file.
Retrieving data from the downloaded file completed.
Starting to compare data.
Link and download have been matched.
Found link: https://itdashboard.gov/drupal/summary/422/422-000001327
Starting to download the file.
Waiting for downloads.................done!
File 422-000001327 (2).pdf downloaded successfully.
Retrieving data from the downloaded file.
Retrieving data from the downloaded file completed.
Starting to compare data.
Link and download have been matched.
Found link: https://itdashboard.gov/drupal/summary/422/422-000001328
Starting to download the file.
Waiting for downloads....................done!
File 422-000001328 (2).pdf downloaded successfully.
Retrieving data from the downloaded file.
Retrieving data from the downloaded file completed.
Starting to compare data.
Link and download have been matched.
Scraping the table finished.
The bot is finished.
